============================= test session starts ==============================
platform linux -- Python 3.11.14, pytest-9.0.2, pluggy-1.6.0 -- /usr/local/bin/python
cachedir: .pytest_cache
rootdir: /home/user/Chess-Coach
plugins: respx-0.22.0, asyncio-1.3.0, anyio-4.12.1
asyncio: mode=Mode.STRICT, debug=False, asyncio_default_fixture_loop_scope=None, asyncio_default_test_loop_scope=function
collecting ... collected 149 items

tests/test_api_endpoints.py::TestGamesRouter::test_list_games_default PASSED [  0%]
tests/test_api_endpoints.py::TestGamesRouter::test_list_games_pagination PASSED [  1%]
tests/test_api_endpoints.py::TestGamesRouter::test_list_games_filter_result PASSED [  2%]
tests/test_api_endpoints.py::TestGamesRouter::test_list_games_filter_time_class PASSED [  2%]
tests/test_api_endpoints.py::TestGamesRouter::test_list_games_filter_opening PASSED [  3%]
tests/test_api_endpoints.py::TestGamesRouter::test_list_games_filter_analyzed PASSED [  4%]
tests/test_api_endpoints.py::TestGamesRouter::test_list_games_fields PASSED [  4%]
tests/test_api_endpoints.py::TestGamesRouter::test_get_game_valid PASSED [  5%]
tests/test_api_endpoints.py::TestGamesRouter::test_get_game_with_summary PASSED [  6%]
tests/test_api_endpoints.py::TestGamesRouter::test_get_game_not_found PASSED [  6%]
tests/test_api_endpoints.py::TestGamesRouter::test_sync_games_mocked PASSED [  7%]
tests/test_api_endpoints.py::TestAnalysisRouter::test_analysis_status PASSED [  8%]
tests/test_api_endpoints.py::TestAnalysisRouter::test_get_game_analysis_valid PASSED [  8%]
tests/test_api_endpoints.py::TestAnalysisRouter::test_get_game_analysis_player_only PASSED [  9%]
tests/test_api_endpoints.py::TestAnalysisRouter::test_get_game_analysis_not_found PASSED [ 10%]
tests/test_api_endpoints.py::TestAnalysisRouter::test_get_game_analysis_unanalyzed PASSED [ 10%]
tests/test_api_endpoints.py::TestAnalysisRouter::test_batch_analysis_mocked PASSED [ 11%]
tests/test_api_endpoints.py::TestCoachingRouter::test_game_review_mocked PASSED [ 12%]
tests/test_api_endpoints.py::TestCoachingRouter::test_game_review_not_found PASSED [ 12%]
tests/test_api_endpoints.py::TestCoachingRouter::test_game_review_unanalyzed PASSED [ 13%]
tests/test_api_endpoints.py::TestCoachingRouter::test_move_explain_mocked PASSED [ 14%]
tests/test_api_endpoints.py::TestCoachingRouter::test_move_explain_no_analysis PASSED [ 14%]
tests/test_api_endpoints.py::TestCoachingRouter::test_move_explain_invalid_game PASSED [ 15%]
tests/test_api_endpoints.py::TestCoachingRouter::test_walkthrough_mocked PASSED [ 16%]
tests/test_api_endpoints.py::TestCoachingRouter::test_walkthrough_not_found PASSED [ 16%]
tests/test_api_endpoints.py::TestCoachingRouter::test_walkthrough_unanalyzed PASSED [ 17%]
tests/test_api_endpoints.py::TestCoachingRouter::test_behavioral_analysis_mocked PASSED [ 18%]
tests/test_api_endpoints.py::TestCoachingRouter::test_diagnose_mocked PASSED [ 18%]
tests/test_api_endpoints.py::TestCoachingRouter::test_list_coaching_sessions PASSED [ 19%]
tests/test_api_endpoints.py::TestCoachingRouter::test_list_coaching_sessions_pagination PASSED [ 20%]
tests/test_api_endpoints.py::TestCoachingRouter::test_list_coaching_sessions_filter_type PASSED [ 20%]
tests/test_api_endpoints.py::TestDrillsRouter::test_get_drills PASSED    [ 21%]
tests/test_api_endpoints.py::TestDrillsRouter::test_get_drills_with_count PASSED [ 22%]
tests/test_api_endpoints.py::TestDrillsRouter::test_get_drills_filter_phase PASSED [ 22%]
tests/test_api_endpoints.py::TestDrillsRouter::test_get_drills_filter_eco PASSED [ 23%]
tests/test_api_endpoints.py::TestDrillsRouter::test_get_drills_fields PASSED [ 24%]
tests/test_api_endpoints.py::TestDrillsRouter::test_drill_attempt_correct PASSED [ 24%]
tests/test_api_endpoints.py::TestDrillsRouter::test_drill_attempt_wrong PASSED [ 25%]
tests/test_api_endpoints.py::TestDrillsRouter::test_drill_attempt_not_found PASSED [ 26%]
tests/test_api_endpoints.py::TestDrillsRouter::test_drill_stats PASSED   [ 26%]
tests/test_api_endpoints.py::TestDrillsRouter::test_extract_drills_mocked PASSED [ 27%]
tests/test_api_endpoints.py::TestDashboardRouter::test_dashboard_summary PASSED [ 28%]
tests/test_api_endpoints.py::TestDashboardRouter::test_opening_stats PASSED [ 28%]
tests/test_api_endpoints.py::TestDashboardRouter::test_pattern_stats PASSED [ 29%]
tests/test_api_endpoints.py::TestDashboardRouter::test_time_analysis PASSED [ 30%]
tests/test_api_endpoints.py::TestDashboardRouter::test_opening_book_valid PASSED [ 30%]
tests/test_api_endpoints.py::TestDashboardRouter::test_opening_book_fields PASSED [ 31%]
tests/test_api_endpoints.py::TestDashboardRouter::test_opening_book_invalid_eco PASSED [ 32%]
tests/test_api_endpoints.py::TestDashboardRouter::test_sessions_summary PASSED [ 32%]
tests/test_api_endpoints.py::TestDashboardRouter::test_sessions_performance_buckets PASSED [ 33%]
tests/test_api_endpoints.py::TestDashboardRouter::test_session_detail_valid PASSED [ 34%]
tests/test_api_endpoints.py::TestDashboardRouter::test_session_detail_invalid_date PASSED [ 34%]
tests/test_api_endpoints.py::TestInfrastructure::test_health PASSED      [ 35%]
tests/test_api_endpoints.py::TestInfrastructure::test_root_serves_html PASSED [ 36%]
tests/test_api_endpoints.py::TestInfrastructure::test_static_css PASSED  [ 36%]
tests/test_api_endpoints.py::TestInfrastructure::test_static_js PASSED   [ 37%]
tests/test_api_endpoints.py::TestInfrastructure::test_invalid_json_returns_422 PASSED [ 38%]
tests/test_api_endpoints.py::TestInfrastructure::test_missing_required_fields_returns_422 PASSED [ 38%]
tests/test_cli_commands.py::TestCLISync::test_sync_command PASSED        [ 39%]
tests/test_cli_commands.py::TestCLIAnalyze::test_analyze_command PASSED  [ 40%]
tests/test_cli_commands.py::TestCLIExtractDrills::test_extract_drills_command PASSED [ 40%]
tests/test_cli_commands.py::TestCLITagThemes::test_tag_themes_command PASSED [ 41%]
tests/test_cli_commands.py::TestCLITagThemes::test_tag_themes_force PASSED [ 42%]
tests/test_cli_commands.py::TestCLIBuildSessions::test_build_sessions_command PASSED [ 42%]
tests/test_cli_commands.py::TestCLIStatus::test_status_command PASSED    [ 43%]
tests/test_data_integrity.py::TestReferentialIntegrity::test_move_analysis_references_valid_game PASSED [ 44%]
tests/test_data_integrity.py::TestReferentialIntegrity::test_game_summary_references_valid_game PASSED [ 44%]
tests/test_data_integrity.py::TestReferentialIntegrity::test_drill_position_references_valid_game PASSED [ 45%]
tests/test_data_integrity.py::TestReferentialIntegrity::test_coaching_session_references_valid_game PASSED [ 46%]
tests/test_data_integrity.py::TestUniquenessConstraints::test_no_duplicate_move_analysis PASSED [ 46%]
tests/test_data_integrity.py::TestUniquenessConstraints::test_no_duplicate_drill_positions PASSED [ 47%]
tests/test_data_integrity.py::TestUniquenessConstraints::test_no_duplicate_game_summaries PASSED [ 48%]
tests/test_data_integrity.py::TestUniquenessConstraints::test_no_duplicate_chess_com_ids PASSED [ 48%]
tests/test_data_integrity.py::TestEnumValidity::test_game_result_values PASSED [ 49%]
tests/test_data_integrity.py::TestEnumValidity::test_player_color_values PASSED [ 50%]
tests/test_data_integrity.py::TestEnumValidity::test_time_class_values PASSED [ 51%]
tests/test_data_integrity.py::TestEnumValidity::test_classification_values PASSED [ 51%]
tests/test_data_integrity.py::TestEnumValidity::test_game_phase_values PASSED [ 52%]
tests/test_data_integrity.py::TestEnumValidity::test_session_result_values PASSED [ 53%]
tests/test_data_integrity.py::TestEnumValidity::test_session_type_values PASSED [ 53%]
tests/test_data_integrity.py::TestDataConsistency::test_summaries_have_analysis PASSED [ 54%]
tests/test_data_integrity.py::TestDataConsistency::test_play_session_has_games PASSED [ 55%]
tests/test_data_integrity.py::TestDataConsistency::test_play_session_game_ids_valid PASSED [ 55%]
tests/test_data_integrity.py::TestDataConsistency::test_game_counts_match PASSED [ 56%]
tests/test_data_integrity.py::TestDataConsistency::test_play_session_game_count_matches_ids PASSED [ 57%]
tests/test_data_integrity.py::TestDataConsistency::test_drill_positions_have_valid_fen PASSED [ 57%]
tests/test_data_integrity.py::TestDashboardCacheTests::test_cache_populates PASSED [ 58%]
tests/test_data_integrity.py::TestDashboardCacheTests::test_cache_returns_same_data PASSED [ 59%]
tests/test_data_integrity.py::TestDashboardCacheTests::test_cache_key_isolation PASSED [ 59%]
tests/test_frontend.py::TestStaticFiles::test_index_html_served_at_root PASSED [ 60%]
tests/test_frontend.py::TestStaticFiles::test_css_served PASSED          [ 61%]
tests/test_frontend.py::TestStaticFiles::test_js_served PASSED           [ 61%]
tests/test_frontend.py::TestStaticFiles::test_css_has_design_system PASSED [ 62%]
tests/test_frontend.py::TestStaticFiles::test_js_has_navigation PASSED   [ 63%]
tests/test_frontend.py::TestStaticFiles::test_html_has_all_nav_views PASSED [ 63%]
tests/test_frontend.py::TestStaticFiles::test_static_404 PASSED          [ 64%]
tests/test_services.py::TestStockfishService::test_classify_move_best PASSED [ 65%]
tests/test_services.py::TestStockfishService::test_classify_move_excellent PASSED [ 65%]
tests/test_services.py::TestStockfishService::test_classify_move_good PASSED [ 66%]
tests/test_services.py::TestStockfishService::test_classify_move_inaccuracy PASSED [ 67%]
tests/test_services.py::TestStockfishService::test_classify_move_mistake PASSED [ 67%]
tests/test_services.py::TestStockfishService::test_classify_move_blunder PASSED [ 68%]
tests/test_services.py::TestStockfishService::test_classify_move_thresholds PASSED [ 69%]
tests/test_services.py::TestStockfishService::test_detect_game_phase_opening PASSED [ 69%]
tests/test_services.py::TestStockfishService::test_detect_game_phase_middlegame PASSED [ 70%]
tests/test_services.py::TestStockfishService::test_detect_game_phase_endgame PASSED [ 71%]
tests/test_services.py::TestDrillsService::test_sm2_intervals_defined PASSED [ 71%]
tests/test_services.py::TestDrillsService::test_submit_correct_answer_increments PASSED [ 72%]
tests/test_services.py::TestDrillsService::test_submit_wrong_answer_resets_interval PASSED [ 73%]
tests/test_services.py::TestDrillsService::test_submit_drill_not_found PASSED [ 73%]
tests/test_services.py::TestDrillsService::test_get_next_drills_respects_date PASSED [ 74%]
tests/test_services.py::TestDrillsService::test_get_drill_stats_structure PASSED [ 75%]
tests/test_services.py::TestDrillsService::test_extract_drill_positions PASSED [ 75%]
tests/test_services.py::TestSessionsService::test_detect_sessions_grouping PASSED [ 76%]
tests/test_services.py::TestSessionsService::test_session_gap_threshold PASSED [ 77%]
tests/test_services.py::TestSessionsService::test_build_play_sessions PASSED [ 77%]
tests/test_services.py::TestSessionsService::test_get_sessions_summary_structure PASSED [ 78%]
tests/test_services.py::TestSessionsService::test_tilt_detection_structure PASSED [ 79%]
tests/test_services.py::TestSessionsService::test_get_session_detail PASSED [ 79%]
tests/test_services.py::TestSessionsService::test_get_session_detail_invalid PASSED [ 80%]
tests/test_services.py::TestSessionsService::test_rating_delta_calculation PASSED [ 81%]
tests/test_services.py::TestTacticsService::test_fork_detection PASSED   [ 81%]
tests/test_services.py::TestTacticsService::test_pin_detection PASSED    [ 82%]
tests/test_services.py::TestTacticsService::test_back_rank_threat PASSED [ 83%]
tests/test_services.py::TestTacticsService::test_classify_drill_themes PASSED [ 83%]
tests/test_services.py::TestTacticsService::test_themes_always_return_list PASSED [ 84%]
tests/test_services.py::TestBehaviorService::test_detect_all_patterns PASSED [ 85%]
tests/test_services.py::TestBehaviorService::test_detect_all_patterns_structure PASSED [ 85%]
tests/test_services.py::TestBehaviorService::test_early_queen_trades PASSED [ 86%]
tests/test_services.py::TestBehaviorService::test_piece_retreats PASSED  [ 87%]
tests/test_services.py::TestBehaviorService::test_same_piece_twice_opening PASSED [ 87%]
tests/test_services.py::TestBehaviorService::test_pawn_storms PASSED     [ 88%]
tests/test_services.py::TestBehaviorService::test_endgame_avoidance PASSED [ 89%]
tests/test_services.py::TestBehaviorService::test_losing_streak_behavior PASSED [ 89%]
tests/test_services.py::TestBehaviorService::test_time_trouble PASSED    [ 90%]
tests/test_services.py::TestBehaviorService::test_first_move_syndrome PASSED [ 91%]
tests/test_services.py::TestCoachingService::test_explain_move PASSED    [ 91%]
tests/test_services.py::TestCoachingService::test_explain_move_no_analysis PASSED [ 92%]
tests/test_services.py::TestCoachingService::test_review_game PASSED     [ 93%]
tests/test_services.py::TestCoachingService::test_review_game_no_summary PASSED [ 93%]
tests/test_services.py::TestCoachingService::test_generate_walkthrough PASSED [ 94%]
tests/test_services.py::TestCoachingService::test_generate_pattern_diagnosis PASSED [ 95%]
tests/test_services.py::TestCoachingService::test_generate_behavioral_narrative PASSED [ 95%]
tests/test_services.py::TestChessComService::test_sync_games_mocked PASSED [ 96%]
tests/test_services.py::TestChessComService::test_parse_result PASSED    [ 97%]
tests/test_services.py::TestChessComService::test_parse_result_loss PASSED [ 97%]
tests/test_services.py::TestChessComService::test_parse_result_draw PASSED [ 98%]
tests/test_services.py::TestChessComService::test_parse_time_class PASSED [ 99%]
tests/test_services.py::TestChessComService::test_parse_pgn_for_moves PASSED [100%]

=============================== warnings summary ===============================
app/config.py:5
  /home/user/Chess-Coach/app/config.py:5: PydanticDeprecatedSince20: Support for class-based `config` is deprecated, use ConfigDict instead. Deprecated in Pydantic V2.0 to be removed in V3.0. See Pydantic V2 Migration Guide at https://errors.pydantic.dev/2.12/migration/
    class Settings(BaseSettings):

tests/test_api_endpoints.py: 10 warnings
tests/test_services.py: 30 warnings
  /home/user/Chess-Coach/app/services/behavior.py:447: LegacyAPIWarning: The Query.get() method is considered legacy as of the 1.x series of SQLAlchemy and becomes a legacy construct in 2.0. The method is now available as Session.get() (deprecated since: 2.0) (Background on SQLAlchemy 2.0 at: https://sqlalche.me/e/b8d9)
    game = db.query(Game).get(game_id)

-- Docs: https://docs.pytest.org/en/stable/how-to/capture-warnings.html
======================= 149 passed, 41 warnings in 4.88s =======================
